C51 COMPILER V9.57.0.0   DELAY                                                             03/10/2021 11:41:47 PAGE 1   


C51 COMPILER V9.57.0.0, COMPILATION OF MODULE DELAY
OBJECT MODULE PLACED IN .\output\delay.obj
COMPILER INVOKED BY: E:\Keil5 MDK1\C51\BIN\C51.EXE source\delay.c LARGE OMF2 OPTIMIZE(8,SPEED) BROWSE INCDIR(.\mcu_sdk) 
                    -DEBUG PRINT(.\lst\delay.lst) OBJECT(.\output\delay.obj)

line level    source

   1          #ifndef _Delay_C_
   2          #define _Delay_C_
   3          /*********************************************************************************************************
             -************/
   4          #include <intrins.h>
   5          void Delay_50us(unsigned int n)    
   6          {
   7   1              unsigned char i;
   8   1      
   9   1              while(n--)
  10   1              {
  11   2                      for(i=0;i<71;i++);
  12   2              }
  13   1      }
  14          void Delay_ms(unsigned int delay_nms)
  15          {
  16   1              while(delay_nms--)
  17   1              {
  18   2                      Delay_50us(20);
  19   2              }
  20   1      }
  21          void Delay_us(unsigned int n)      ////n=1 2.54us 4 5.27us 8 9.06us 
  22          {
  23   1              while(n--)
  24   1              {
  25   2                      _nop_();  
  26   2              }
  27   1      }
  28          void Delay_5us()           
  29          {
  30   1      //      unsigned char n=7;
  31   1      
  32   1      //      while(n--)
  33   1      //      {
  34   1      //              
  35   1      //      }
  36   1      }
  37          /*********************************************************************************************************
             -************/
  38          #endif


MODULE INFORMATION:   STATIC OVERLAYABLE
   CODE SIZE        =     69    ----
   CONSTANT SIZE    =   ----    ----
   XDATA SIZE       =   ----       2
   PDATA SIZE       =   ----    ----
   DATA SIZE        =   ----    ----
   IDATA SIZE       =   ----    ----
   BIT SIZE         =   ----    ----
   EDATA SIZE       =   ----    ----
   HDATA SIZE       =   ----    ----
   XDATA CONST SIZE =   ----    ----
   FAR CONST SIZE   =   ----    ----
C51 COMPILER V9.57.0.0   DELAY                                                             03/10/2021 11:41:47 PAGE 2   

END OF MODULE INFORMATION.


C51 COMPILATION COMPLETE.  0 WARNING(S),  0 ERROR(S)
