C51 COMPILER V9.57.0.0   MAIN                                                              03/10/2021 11:41:46 PAGE 1   


C51 COMPILER V9.57.0.0, COMPILATION OF MODULE MAIN
OBJECT MODULE PLACED IN .\output\main.obj
COMPILER INVOKED BY: E:\Keil5 MDK1\C51\BIN\C51.EXE source\main.c LARGE OMF2 OPTIMIZE(8,SPEED) BROWSE INCDIR(.\mcu_sdk) D
                    -EBUG PRINT(.\lst\main.lst) OBJECT(.\output\main.obj)

line level    source

   1          #ifndef _MAIN_C_
   2          #define _MAIN_C_
   3          /*********************************************************************************************************
             -************/
   4          #include "include/Public.h"
   5          /*********************************************************************************************************
             -************/
   6          extern float   fTemperature;  //温度 -40至125℃    精度0.1℃ 
   7          extern unsigned int ucHumidity;    //湿度 0%RH至100%RH  精度1%RH 
   8          
   9          void main(void)
  10          {
  11   1      #ifdef UART1_EN
  12   1              Uart1_Initial(UART1_BAUTRATE);
  13   1      #endif
  14   1              
  15   1      #ifdef UART2_EN
                      Uart2_Initial(UART2_BAUTRATE);
              #endif
  18   1         
  19   1              EA = 1;                                                                                                 //开全局中断
  20   1      
  21   1          //相关系统初始化
  22   1              MySystem_Init();
  23   1      //    P10F = OUTPUT;    
  24   1          while(1)
  25   1              {       
  26   2                      wifi_uart_service();
  27   2                      KEY_Scan();
  28   2                      //wifi状态指示灯
  29   2                      wifi_work_state_led(); 
  30   2                      RGB_Led_Breathing();
  31   2              
  32   2      //      Fill_Picture(0xff);//ㄥ剧ず
  33   2      //              Delay_ms(1000);
  34   2      //              Fill_Picture(0xf0);//灞锛虹颁′＄浜绾
  35   2      //              Delay_ms(1000);
  36   2      //              Picture();//剧ず涓寮剧?
  37   2      //              Delay_ms(1000);
  38   2                      Measure_Period_Mode();
  39   2              }
  40   1      }
  41          #endif


MODULE INFORMATION:   STATIC OVERLAYABLE
   CODE SIZE        =     33    ----
   CONSTANT SIZE    =   ----    ----
   XDATA SIZE       =   ----    ----
   PDATA SIZE       =   ----    ----
   DATA SIZE        =   ----    ----
   IDATA SIZE       =   ----    ----
   BIT SIZE         =   ----    ----
   EDATA SIZE       =   ----    ----
C51 COMPILER V9.57.0.0   MAIN                                                              03/10/2021 11:41:46 PAGE 2   

   HDATA SIZE       =   ----    ----
   XDATA CONST SIZE =   ----    ----
   FAR CONST SIZE   =   ----    ----
END OF MODULE INFORMATION.


C51 COMPILATION COMPLETE.  0 WARNING(S),  0 ERROR(S)
