C51 COMPILER V9.57.0.0   MYI2C                                                             03/10/2021 11:41:48 PAGE 1   


C51 COMPILER V9.57.0.0, COMPILATION OF MODULE MYI2C
OBJECT MODULE PLACED IN .\output\myi2c.obj
COMPILER INVOKED BY: E:\Keil5 MDK1\C51\BIN\C51.EXE source\myi2c.c LARGE OMF2 OPTIMIZE(8,SPEED) BROWSE INCDIR(.\mcu_sdk) 
                    -DEBUG PRINT(.\lst\myi2c.lst) OBJECT(.\output\myi2c.obj)

line level    source

   1          #ifndef _MYI2C_C_
   2          #define _MYI2C_C_
   3          /*********************************************************************************************************
             -************/
   4          #include "include/Public.h"
   5          #include "include/myi2c.h"
   6          /*********************************************************************************************************
             -************/
   7          #define IIC_SDA_IN()     {P00F = INPUT; }   //设置SDA     SMT输入 
   8          #define IIC_SDA_OUT()    {P00F = OUTPUT;}               //设置SDA    推挽输出
   9          #define IIC_SCL_OUT()    {P01F = OUTPUT;}   //设置SCL    推挽输出                                               
  10          /***********************************************************************************
  11          函数名：INT2_Init
  12          功能说明：中断初始化
  13          输入参数：None 
  14          返回值：  None                                                  
  15          ***********************************************************************************/
  16          
  17          void IIC_GPIO_Init()           //IIC初始化子程序
  18          {
  19   1              IIC_SCL_OUT();
  20   1              IIC_SDA_OUT(); 
  21   1              IIC_Stop();
  22   1      }
  23          
  24          void IIC_Start(void) //启动I2C总线
  25          {
  26   1              IIC_SDA_OUT(); 
  27   1              IIC_SDA_H;         //拉高SDA
  28   1              Delay_us(10); //延时
  29   1              IIC_SCL_H;         //拉高SCL
  30   1              Delay_us(10); //延时
  31   1              IIC_SDA_L;         //拉低SDA
  32   1              Delay_us(10); //延时
  33   1              IIC_SCL_L;         //拉低SCL
  34   1              Delay_us(10); //延时
  35   1      }
  36          
  37          void IIC_Stop(void)  //停止I2C总线
  38          {
  39   1              IIC_SDA_OUT(); 
  40   1              IIC_SDA_L;         //拉低SDA
  41   1              IIC_SCL_H;         //拉高SCL
  42   1              Delay_us(10); //延时
  43   1              IIC_SDA_H;         //拉高SDA
  44   1              Delay_us(10); //延时
  45   1      }
  46          
  47          //等待应答信号到来
  48          //返回值：1，接收应答失败
  49          //        0，接收应答成功
  50          unsigned char IIC_Wait_Ack(void)
  51          {
  52   1              unsigned char ucErrTime=0;
C51 COMPILER V9.57.0.0   MYI2C                                                             03/10/2021 11:41:48 PAGE 2   

  53   1              IIC_SDA_IN();              //SDA设置为输入  
  54   1              IIC_SDA_H;      Delay_us(10); //延时       
  55   1              IIC_SCL_H;      Delay_us(10); //延时     
  56   1              while(IIC_SDA!=0)
  57   1              {
  58   2                      ucErrTime++;
  59   2                      if(ucErrTime>250)
  60   2                      {
  61   3                              IIC_Stop();
  62   3                              return 1;
  63   3                      }
  64   2              }
  65   1              IIC_SCL_L;                //时钟输出0      
  66   1              return 0;  
  67   1      } 
  68          
  69          //产生ACK应答
  70          void IIC_Ack(void)
  71          {
  72   1              IIC_SCL_L;
  73   1              IIC_SDA_OUT();
  74   1              IIC_SDA_L;
  75   1              Delay_us(10);  //延时    
  76   1              IIC_SCL_H;
  77   1              Delay_us(10);  //延时
  78   1              IIC_SCL_L;
  79   1      }
  80          
  81          //不产生ACK应答             
  82          void IIC_NAck(void)
  83          {
  84   1              IIC_SCL_L;
  85   1              IIC_SDA_OUT();
  86   1              IIC_SDA_H;
  87   1              Delay_us(10);  //延时
  88   1              IIC_SCL_H;
  89   1              Delay_us(10);  //延时
  90   1              IIC_SCL_L;
  91   1      }
  92          
  93          //IIC发送一个字节
  94          //返回从机有无应答
  95          //1，有应答
  96          //0，无应答                       
  97          void IIC_Send_Byte(unsigned char txd)
  98          {                        
  99   1              unsigned char  t;   
 100   1              IIC_SDA_OUT();      
 101   1              IIC_SCL_L;  //拉低时钟开始数据传输
 102   1              for(t=0;t<8;t++)
 103   1        {              
 104   2                      if((txd&0x80)>>7)
 105   2              IIC_SDA_H;
 106   2                      else
 107   2              IIC_SDA_L;
 108   2                      txd<<=1;          
 109   2              Delay_us(10);  //延时
 110   2                      IIC_SCL=1;
 111   2              Delay_us(10);  //延时
 112   2                      IIC_SCL=0;      
 113   2              Delay_us(10);  //延时
 114   2          }    
C51 COMPILER V9.57.0.0   MYI2C                                                             03/10/2021 11:41:48 PAGE 3   

 115   1      }       
 116          
 117          //读1个字节，ack=1时，发送ACK，ack=0，发送nACK   
 118          unsigned char IIC_Read_Byte(unsigned char ack)
 119          {
 120   1              unsigned char i,receive=0;
 121   1              IIC_SDA_IN();//SDA设置为输入
 122   1          for(i=0;i<8;i++ )
 123   1              {
 124   2                      IIC_SCL_L; 
 125   2                      Delay_us(10);  //延时
 126   2                      IIC_SCL_H;
 127   2                      receive<<=1;
 128   2                      if(IIC_SDA!=0)receive++;   
 129   2                      Delay_us(10);  //延时 
 130   2          }                                    
 131   1          if(!ack)
 132   1              IIC_NAck();//发送nACK
 133   1          else
 134   1              IIC_Ack(); //发送ACK   
 135   1          return receive;
 136   1      }
 137          
 138          
 139          #endif 


MODULE INFORMATION:   STATIC OVERLAYABLE
   CODE SIZE        =    360    ----
   CONSTANT SIZE    =   ----    ----
   XDATA SIZE       =   ----       6
   PDATA SIZE       =   ----    ----
   DATA SIZE        =   ----    ----
   IDATA SIZE       =   ----    ----
   BIT SIZE         =   ----    ----
   EDATA SIZE       =   ----    ----
   HDATA SIZE       =   ----    ----
   XDATA CONST SIZE =   ----    ----
   FAR CONST SIZE   =   ----    ----
END OF MODULE INFORMATION.


C51 COMPILATION COMPLETE.  0 WARNING(S),  0 ERROR(S)
