C51 COMPILER V9.57.0.0   OLED                                                              03/10/2021 11:41:49 PAGE 1   


C51 COMPILER V9.57.0.0, COMPILATION OF MODULE OLED
OBJECT MODULE PLACED IN .\output\oled.obj
COMPILER INVOKED BY: E:\Keil5 MDK1\C51\BIN\C51.EXE source\oled.c LARGE OMF2 OPTIMIZE(8,SPEED) BROWSE INCDIR(.\mcu_sdk) D
                    -EBUG PRINT(.\lst\oled.lst) OBJECT(.\output\oled.obj)

line level    source

   1          #ifndef _OLED_C_
   2          #define _OLED_C_
   3          /*********************************************************************************************************
             -************/
   4          #include "include/Public.h"
   5          #include "include/oledtab.h"
   6          /*********************************************************************************************************
             -************/
   7          
   8          #if OLED_TEST 
              unsigned char code show[]=
              {
              0x00,0x00,0x00,0x06,0x0A,0xFE,0x0A,0xC6,0x00,0xE0,0x00,0xF0,0x00,0xF8,0x00,0x00,
              0x00,0x00,0x00,0x00,0xFE,0x7D,0xBB,0xC7,0xEF,0xEF,0xEF,0xEF,0xEF,0xEF,0xEF,0xC7,
              0xBB,0x7D,0xFE,0x00,0x00,0x00,0x00,0x00,0x00,0x00,0x00,0x00,0x00,0x00,0x00,0x00,
              0x00,0x00,0x00,0x00,0x00,0x00,0x00,0x00,0x00,0x00,0x00,0x00,0x00,0x00,0x00,0x00,
              0x00,0x00,0x00,0x00,0x00,0x00,0x00,0x00,0x00,0x00,0x00,0x00,0x00,0x00,0x00,0x00,
              0x00,0x00,0x00,0x00,0x00,0x00,0x00,0x00,0x00,0x00,0x00,0x00,0x00,0x00,0x00,0x00,
              0x00,0x08,0x0C,0xFE,0xFE,0x0C,0x08,0x20,0x60,0xFE,0xFE,0x60,0x20,0x00,0x00,0x00,
              0x78,0x48,0xFE,0x82,0xBA,0xBA,0x82,0xBA,0xBA,0x82,0xBA,0xBA,0x82,0xBA,0xBA,0x82,
              0xFE,0x00,0x00,0x00,0x00,0x00,0x00,0x00,0x00,0x00,0x00,0x00,0x00,0x00,0x00,0x00,
              0x00,0x00,0x00,0x00,0x00,0x00,0x00,0x00,0x00,0x01,0x01,0x01,0x01,0x01,0x01,0x01,
              0x01,0x01,0x01,0x01,0x01,0x01,0x00,0x00,0x00,0x00,0x00,0x00,0x00,0x00,0x00,0x00,
              0x00,0x00,0x00,0x00,0x00,0x00,0x00,0x00,0x00,0x00,0x00,0x00,0x00,0x00,0x00,0x00,
              0x00,0x00,0x00,0x00,0x00,0x00,0x00,0x00,0x00,0x00,0x00,0x00,0x00,0x00,0x00,0x00,
              0x00,0x00,0x00,0x00,0x00,0x00,0x00,0x00,0x00,0x00,0x00,0x00,0x00,0x00,0x00,0x00,
              0x00,0x00,0x00,0x00,0x00,0x00,0x00,0x00,0x00,0x00,0x00,0x00,0x00,0x00,0x00,0x00,
              0x00,0x00,0x00,0x00,0x00,0x00,0x00,0x00,0x00,0x00,0x00,0x00,0x00,0x00,0x00,0x00,
              0x00,0x00,0x00,0x00,0x00,0x00,0x00,0x00,0x00,0x00,0x00,0x00,0x00,0x00,0x00,0x00,
              0x00,0x00,0x00,0x00,0x00,0x00,0x00,0x00,0x00,0x00,0x00,0x00,0x00,0x00,0x00,0x00,
              0x00,0x00,0x00,0x00,0x00,0x00,0x00,0x00,0xFE,0xFF,0x03,0x03,0x03,0x03,0x03,0x03,
              0x03,0x03,0x03,0xFF,0xFF,0x00,0x00,0xFE,0xFF,0x03,0x03,0x03,0x03,0x03,0x03,0x03,
              0x03,0x03,0xFF,0xFE,0x00,0x00,0x00,0x00,0xC0,0xC0,0xC0,0x00,0x00,0x00,0x00,0xFE,
              0xFF,0x03,0x03,0x03,0x03,0x03,0x03,0x03,0x03,0x03,0xFF,0xFE,0x00,0x00,0xFE,0xFF,
              0x03,0x03,0x03,0x03,0x03,0x03,0x03,0x03,0x03,0xFF,0xFE,0x00,0x00,0x00,0x00,0x00,
              0x00,0x00,0x00,0x00,0x00,0x00,0x00,0x00,0x00,0x00,0x00,0x00,0x00,0x00,0x00,0x00,
              0x00,0x00,0x00,0x00,0x00,0x00,0x00,0x00,0x00,0x00,0x00,0x00,0x00,0x00,0x00,0x00,
              0x00,0x00,0x00,0x00,0x00,0x00,0x00,0x00,0x00,0x00,0x00,0x00,0x00,0x00,0x00,0x00,
              0x00,0x00,0x00,0x00,0x00,0x00,0x00,0x00,0x00,0x00,0x00,0x00,0xFF,0xFF,0x00,0x00,
              0x00,0x00,0x00,0x00,0x00,0x00,0x00,0xFF,0xFF,0x00,0x00,0xFF,0xFF,0x0C,0x0C,0x0C,
              0x0C,0x0C,0x0C,0x0C,0x0C,0x0C,0xFF,0xFF,0x00,0x00,0x00,0x00,0xE1,0xE1,0xE1,0x00,
              0x00,0x00,0x00,0xFF,0xFF,0x00,0x00,0x00,0x00,0x00,0x00,0x00,0x00,0x00,0xFF,0xFF,
              0x00,0x00,0xFF,0xFF,0x0C,0x0C,0x0C,0x0C,0x0C,0x0C,0x0C,0x0C,0x0C,0xFF,0xFF,0x00,
              0x00,0x00,0x00,0x00,0x00,0x00,0x00,0x00,0x00,0x00,0x00,0x00,0x00,0x00,0x00,0x00,
              0x00,0x00,0x00,0x00,0x00,0x00,0x00,0x00,0x00,0x00,0x00,0x00,0x00,0x00,0x00,0x00,
              0x00,0x00,0x00,0x00,0x00,0x00,0x00,0x00,0x00,0x00,0x00,0x00,0x00,0x00,0x00,0x00,
              0x00,0x00,0x00,0x00,0x00,0x00,0x00,0x00,0x00,0x00,0x00,0x00,0x00,0x00,0x00,0x00,
              0x0F,0x1F,0x18,0x18,0x18,0x18,0x18,0x18,0x18,0x18,0x18,0x1F,0x0F,0x00,0x00,0x0F,
              0x1F,0x18,0x18,0x18,0x18,0x18,0x18,0x18,0x18,0x18,0x1F,0x0F,0x00,0x00,0x00,0x00,
              0x00,0x00,0x00,0x00,0x00,0x00,0x00,0x0F,0x1F,0x18,0x18,0x18,0x18,0x18,0x18,0x18,
              0x18,0x18,0x1F,0x0F,0x00,0x00,0x0F,0x1F,0x18,0x18,0x18,0x18,0x18,0x18,0x18,0x18,
              0x18,0x1F,0x0F,0x00,0x00,0x00,0x00,0x00,0x00,0x00,0x00,0x00,0x00,0x00,0x00,0x00,
              0x00,0x00,0x00,0x00,0x00,0x00,0x00,0x00,0x00,0x00,0x00,0x00,0x00,0x00,0x00,0x00,
              0x00,0x00,0x00,0x00,0x00,0x00,0x00,0x00,0x00,0x00,0x00,0x00,0x00,0x00,0x00,0x00,
C51 COMPILER V9.57.0.0   OLED                                                              03/10/2021 11:41:49 PAGE 2   

              0x00,0x00,0x00,0x00,0x00,0x00,0x00,0x00,0x00,0x00,0x00,0x00,0x00,0x00,0x00,0x00,
              0x00,0x00,0x00,0x00,0x00,0x00,0x00,0x00,0x00,0x00,0x00,0xE2,0x92,0x8A,0x86,0x00,
              0x00,0x7C,0x82,0x82,0x82,0x7C,0x00,0xFE,0x00,0x82,0x92,0xAA,0xC6,0x00,0x00,0xC0,
              0xC0,0x00,0x7C,0x82,0x82,0x82,0x7C,0x00,0x00,0x02,0x02,0x02,0xFE,0x00,0x00,0xC0,
              0xC0,0x00,0x7C,0x82,0x82,0x82,0x7C,0x00,0x00,0xFE,0x00,0x00,0x00,0x00,0x00,0x00,
              0x00,0x00,0x00,0x00,0x00,0x00,0x00,0x00,0x00,0x00,0x00,0x00,0x00,0x00,0x00,0x00,
              0x00,0x00,0x00,0x00,0x00,0x00,0x00,0x00,0x00,0x00,0x00,0x00,0x00,0x00,0x00,0x00,
              0x00,0x00,0x00,0x00,0x00,0x00,0x00,0x00,0x00,0x00,0x00,0x24,0xA4,0x2E,0x24,0xE4,
              0x24,0x2E,0xA4,0x24,0x00,0x00,0x00,0xF8,0x4A,0x4C,0x48,0xF8,0x48,0x4C,0x4A,0xF8,
              0x00,0x00,0x00,0x00,0x00,0x00,0x00,0x00,0x00,0x00,0x00,0x00,0x00,0x00,0x00,0x00,
              0x00,0x00,0x00,0x00,0x00,0x00,0x00,0x00,0x00,0x00,0x00,0x00,0x00,0x00,0x00,0x00,
              0x00,0x00,0x00,0x00,0x00,0x00,0x00,0x00,0x00,0x00,0x00,0x00,0x00,0x00,0x00,0x00,
              0x00,0x00,0x00,0x00,0x00,0x00,0x00,0x00,0x00,0x00,0x00,0x00,0x00,0x00,0x00,0x00,
              0x00,0x00,0x00,0x00,0x00,0x00,0x00,0x00,0x00,0x00,0x00,0x00,0x00,0x00,0x00,0x00,
              0x00,0x00,0x00,0x00,0x00,0x00,0xC0,0x20,0x10,0x10,0x10,0x10,0x20,0xC0,0x00,0x00,
              0xC0,0x20,0x10,0x10,0x10,0x10,0x20,0xC0,0x00,0x00,0x00,0x00,0x00,0x00,0x00,0x12,
              0x0A,0x07,0x02,0x7F,0x02,0x07,0x0A,0x02,0x00,0x00,0x00,0x0B,0x0A,0x0A,0x0A,0x7F,
              0x0A,0x0A,0x0A,0x0B,0x00,0x00,0x00,0x00,0x00,0x00,0x00,0x00,0x00,0x00,0x00,0x00,
              0x00,0x00,0x00,0x00,0x00,0x00,0x00,0x00,0x00,0x00,0x00,0x00,0x00,0x00,0x00,0x00,
              0x00,0x00,0x00,0x00,0x00,0x00,0x00,0x00,0x00,0x00,0x00,0x00,0x00,0x00,0x00,0x00,
              0x00,0x00,0x00,0x00,0x00,0x00,0x00,0x00,0x00,0x00,0x00,0x00,0x00,0x00,0x00,0x00,
              0x00,0x00,0x00,0x00,0x00,0x00,0x00,0x00,0x00,0x00,0x00,0x00,0x00,0x00,0x00,0x00,
              0x00,0x00,0x00,0x00,0x00,0x00,0x00,0x00,0x00,0x00,0x1F,0x20,0x40,0x40,0x40,0x50,
              0x20,0x5F,0x80,0x00,0x1F,0x20,0x40,0x40,0x40,0x50,0x20,0x5F,0x80,0x00,0x00,0x00,
              };
              
              void Fill_Picture(unsigned char Fill_Data)
              {
                  unsigned char m,n;
                  for(m=0;m<8;m++)
                  {
                      Write_IIC_Command(0xb0+m);
                      Write_IIC_Command(0x00);
                      Write_IIC_Command(0x10);
                      for(n=0;n<132;n++)
                      {
                          Write_IIC_Data(Fill_Data);
                         
                      }
                  }
              }
              void Picture(void)
              {
                    unsigned char x,y;
                    unsigned int i=0;
                    for(y=0;y<8;y++)
                      {
                        Write_IIC_Command(0xb0+y);
                        Write_IIC_Command(0x0);
                        Write_IIC_Command(0x10);
                        for(x=0;x<132;x++)
                          {
                            Write_IIC_Data(show[i++]);
                          }
                      }
              }
              
              #endif 
 111          
 112          void Write_IIC_Command(unsigned char Command)
 113          {
 114   1          IIC_Start();
C51 COMPILER V9.57.0.0   OLED                                                              03/10/2021 11:41:49 PAGE 3   

 115   1          IIC_Send_Byte(OLED_ADDR|Write_CMD);
 116   1          IIC_Wait_Ack();
 117   1          IIC_Send_Byte(0x00);
 118   1          IIC_Wait_Ack();
 119   1          IIC_Send_Byte(Command);
 120   1          IIC_Wait_Ack();
 121   1          IIC_Stop();
 122   1      }
 123          
 124          void Write_IIC_Data(unsigned char WriteData)
 125          {
 126   1          IIC_Start();
 127   1          IIC_Send_Byte(OLED_ADDR|Write_CMD);
 128   1          IIC_Wait_Ack();
 129   1          IIC_Send_Byte(0x40);
 130   1          IIC_Wait_Ack();
 131   1          IIC_Send_Byte(WriteData);
 132   1          IIC_Wait_Ack();
 133   1          IIC_Stop();   
 134   1      }
 135          
 136          
 137          void OLED_Init(void)
 138          {
 139   1              Write_IIC_Command(0xAE);   //display off
 140   1              Write_IIC_Command(0x20);        //Set Memory Addressing Mode    
 141   1              Write_IIC_Command(0x10);        //00,Horizontal Addressing Mode;01,Vertical Addressing Mode;10,Page Addressing M
             -ode (RESET);11,Invalid
 142   1              Write_IIC_Command(0xb0);        //Set Page Start Address for Page Addressing Mode,0-7
 143   1              Write_IIC_Command(0xc8);        //Set COM Output Scan Direction
 144   1              Write_IIC_Command(0x00);//---set low column address
 145   1              Write_IIC_Command(0x10);//---set high column address
 146   1              Write_IIC_Command(0x40);//--set start line address
 147   1              Write_IIC_Command(0x81);//--set contrast control register
 148   1              Write_IIC_Command(0xdf);
 149   1              Write_IIC_Command(0xa1);//--set segment re-map 0 to 127
 150   1              Write_IIC_Command(0xa6);//--set normal display
 151   1              Write_IIC_Command(0xa8);//--set multiplex ratio(1 to 64)
 152   1              Write_IIC_Command(0x3F);//
 153   1              Write_IIC_Command(0xa4);//0xa4,Output follows RAM content;0xa5,Output ignores RAM content
 154   1              Write_IIC_Command(0xd3);//-set display offset
 155   1              Write_IIC_Command(0x00);//-not offset
 156   1              Write_IIC_Command(0xd5);//--set display clock divide ratio/oscillator frequency
 157   1              Write_IIC_Command(0xf0);//--set divide ratio
 158   1              Write_IIC_Command(0xd9);//--set pre-charge period
 159   1              Write_IIC_Command(0x22); //
 160   1              Write_IIC_Command(0xda);//--set com pins hardware configuration
 161   1              Write_IIC_Command(0x12);
 162   1              Write_IIC_Command(0xdb);//--set vcomh
 163   1              Write_IIC_Command(0x20);//0x20,0.77xVcc
 164   1              Write_IIC_Command(0x8d);//--set DC-DC enable
 165   1              Write_IIC_Command(0x14);//
 166   1              Write_IIC_Command(0xaf);//--turn on oled panel 
 167   1      }
 168          
 169          /***********************************************************************************
 170          函数名：  OLED_Fill
 171          功能说明：OLED全屏填充
 172          输入参数：None
 173          返回值：  None                                          
 174          ***********************************************************************************/
 175          void OLED_Fill(unsigned char fill_Data)
C51 COMPILER V9.57.0.0   OLED                                                              03/10/2021 11:41:49 PAGE 4   

 176          {
 177   1              unsigned char x,y;
 178   1              unsigned int i=0;
 179   1              for(y=0;y<8;y++)
 180   1              {
 181   2                      Write_IIC_Command(0xb0+y);     //设置页地址（0~7）
 182   2                      Write_IIC_Command(0x00);       //设置显示位置―列低地址
 183   2                      Write_IIC_Command(0x10);       //设置显示位置―列高地址
 184   2                      for(x=0;x<132;x++)             //写0x00到屏幕寄存器上   
 185   2                      {
 186   3                         Write_IIC_Data(fill_Data);
 187   3                      }
 188   2              }
 189   1      }
 190          /***********************************************************************************
 191          函数名：  OLED_Clear
 192          功能说明：OLED清屏
 193          输入参数：None
 194          返回值：  None                                          
 195          ***********************************************************************************/
 196          void OLED_Clear(void)
 197          {
 198   1              OLED_Fill(0x00);
 199   1      }
 200          /***********************************************************************************
 201          函数名：  OLED_ON
 202          功能说明：OLED唤醒
 203          输入参数：None
 204          返回值：  None                                          
 205          ***********************************************************************************/
 206          void OLED_ON(void)
 207          {
 208   1              Write_IIC_Command(0x8D);  //设置电荷泵
 209   1              Write_IIC_Command(0x14);  //开启电荷泵
 210   1              Write_IIC_Command(0xAF);  //OLED唤醒
 211   1              
 212   1      }
 213          
 214          /***********************************************************************************
 215          函数名：  OLED_OFF
 216          功能说明：OLED休眠
 217          输入参数：None
 218          返回值：  None                                          
 219          ***********************************************************************************/
 220          void OLED_OFF(void)
 221          {
 222   1              Write_IIC_Command(0x8D);  //设置电荷泵
 223   1              Write_IIC_Command(0x10);  //关闭电荷泵
 224   1              Write_IIC_Command(0xAE);  //OLED休眠
 225   1      }
 226          
 227          /***********************************************************************************
 228          函数名：  OLED_SetPos
 229          功能说明：设置开始的光标位置
 230          输入参数：x，y：位置
 231          返回值：  None                                          
 232          ***********************************************************************************/
 233          void OLED_SetPos(unsigned char x, unsigned char y)
 234          {
 235   1              Write_IIC_Command(0xb0+y);                //设置页地址（0~7）
 236   1              Write_IIC_Command(((x&0xf0)>>4)|0x10);    //写入列低地址
 237   1              Write_IIC_Command(x&0x0f);                //写入列高地址
C51 COMPILER V9.57.0.0   OLED                                                              03/10/2021 11:41:49 PAGE 5   

 238   1      }
 239          /***********************************************************************************
 240          函数名：  OLED_ShowChar
 241          功能说明：显示6*8或8*16一个标准ASCII字符串
 242          输入参数：x：起始列
 243                                                   y：起始页，TextSize = 16占两页；TextSize = 8占1页
 244                                                   ch：字符
 245          返回值：  None                                          
 246          ***********************************************************************************/
 247          void OLED_ShowChar(unsigned char x, unsigned char y, unsigned char ch, unsigned char TextSize)
 248          {
 249   1              unsigned char c = 0,i=0;
 250   1              c = ch - ' ' ;  //得到偏移后的值        
 251   1              if(x>Max_Column-1)
 252   1          {x=0;y=y+2;}
 253   1              if(TextSize==16)
 254   1              {
 255   2                      OLED_SetPos(x,y);
 256   2                      for(i=0;i<8;i++)
 257   2                              Write_IIC_Data(F8X16[c*16+i]);
 258   2                      OLED_SetPos(x,y+1);
 259   2                      for(i=0;i<8;i++)
 260   2                              Write_IIC_Data(F8X16[c*16+i+8]);                
 261   2              }
 262   1              else
 263   1              {
 264   2                      OLED_SetPos(x,y);
 265   2                      for(i=0;i<6;i++)
 266   2                      Write_IIC_Data(F6x8[c][i]);
 267   2              }
 268   1      }
 269          /***********************************************************************************
 270          函数名：  OLED_ShowStr
 271          功能说明：显示字符串
 272          输入参数：x：起始列
 273                                                   y：起始页
 274                                                   *ch：第一个字符首地址
 275                     TextSize：字符大小(1:6*8 ; 2:8*16)
 276          返回值：  None                                          
 277          ***********************************************************************************/
 278          void OLED_ShowStr(unsigned char x, unsigned char y, unsigned char *ch, unsigned char TextSize)
 279          {
 280   1              unsigned char c = 0,i = 0,j = 0;
 281   1              while(ch[j] != '\0')                   //如果不是最后一个字符
 282   1              {
 283   2                      OLED_ShowChar(x,y,ch[j],TextSize); //显示字符
 284   2                      if(TextSize==8)
 285   2                      {
 286   3                              x += 6;//列数加6 ，一个字符的列数占6
 287   3                              if(x > 126)  //如果x超过128，切换页，从该页的第一列显示
 288   3                              {
 289   4                                      x = 0;  
 290   4                                      y += 2;  
 291   4                              }               
 292   3                              j++;  //下一个字符
 293   3                      }
 294   2                      else
 295   2                      {
 296   3                              x += 8;//列数加8 ，一个字符的列数占8
 297   3                              if(x > 120)  //如果x超过128，切换页，从该页的第一列显示
 298   3                              {
 299   4                                      x = 0;  
C51 COMPILER V9.57.0.0   OLED                                                              03/10/2021 11:41:49 PAGE 6   

 300   4                                      y += 2;  
 301   4                              }               
 302   3                              j++;  //下一个字符
 303   3                      }
 304   2              }
 305   1      }
 306          
 307          /*****************************************************************************
 308          函数名称 : OLED_Pow
 309          功能描述 : 计算m^n
 310          输入参数 : m：输入的一个数   n：输入数的次方
 311          返回值   : result：一个数的n次方
 312          *****************************************************************************/ 
 313          unsigned long int OLED_Pow(unsigned char m,unsigned char n)
 314          {
 315   1              unsigned char result=1;  
 316   1              while(n--)result*=m;    
 317   1              return result;
 318   1      }               
 319          
 320          /***********************************************************************************
 321          函数名：  OLED_ShowNum
 322          功能说明：OLED显示2个数字
 323          输入参数： x,y -- 起始点坐标(x:0~127, y:0~7); ch[] -- 要显示的字符串; TextSize -- 字符大小(1:6*8 ; 2:8*16)
 324          返回值：  None                                          
 325          ***********************************************************************************/
 326          void OLED_ShowNum(unsigned char x, unsigned char y, unsigned long int num, unsigned char len, unsigned cha
             -r TextSize)
 327          {
 328   1              unsigned int i,t,temp;  //定义变量
 329   1              unsigned int enshow=0;          //定义变量
 330   1              if(TextSize==8)
 331   1                      i = 6;
 332   1              else
 333   1                      i = 8;
 334   1              if(num<0)  //要显示的数小于0
 335   1              {
 336   2                      num = -num;
 337   2                      OLED_ShowChar(x,y,'-',TextSize);
 338   2                      for(t=0;t<len;t++)
 339   2                      {
 340   3                              temp=(num/OLED_Pow(10,len-t-1))%10;//取出输入数的每个位，由高到低
 341   3                              if(enshow==0&&t<(len-1)) //enshow：是否为第一个数；t<(len-1)：判断是否为最后一个数
 342   3                              {
 343   4                                      if(temp==0) //如果该数为0 
 344   4                                      {
 345   5                                              OLED_ShowChar(x+i*(t+1),y,' ',TextSize);//显示 0 ；x+(size2/2)*t根据字体大小偏移的列数（8）
 346   5                                              continue; //跳过剩下语句，继续重复循环（避免重复显示）
 347   5                                      }else enshow=1; 
 348   4                              }
 349   3                              OLED_ShowChar(x+i*(t+1),y,temp+'0',TextSize); //显示一个位；x+(size2/2)*t根据字体大小偏移的列数（8）
 350   3                      }
 351   2              }
 352   1              else  //要显示的数大于0
 353   1              {
 354   2                      for(t=0;t<len;t++)
 355   2                      {
 356   3                              temp=(num/OLED_Pow(10,len-t-1))%10;//取出输入数的每个位，由高到低
 357   3                              if(enshow==0&&t<(len-1)) //enshow：是否为第一个数；t<(len-1)：判断是否为最后一个数
 358   3                              {
 359   4                                      if(temp==0) //如果该数为0 
 360   4                                      {
C51 COMPILER V9.57.0.0   OLED                                                              03/10/2021 11:41:49 PAGE 7   

 361   5                                              OLED_ShowChar(x+i*t,y,' ',TextSize);//显示 0 ；x+(size2/2)*t根据字体大小偏移的列数（8）
 362   5                                              continue; //跳过剩下语句，继续重复循环（避免重复显示）
 363   5                                      }else enshow=1; 
 364   4                              }
 365   3                              OLED_ShowChar(x+i*t,y,temp+'0',TextSize); //显示一个位；x+(size2/2)*t根据字体大小偏移的列数（8）
 366   3                      }
 367   2              }
 368   1      }
 369          
 370          void OLED_Show_Float_Number(unsigned char x,unsigned char y,float num,unsigned char TextSize)
 371          {
 372   1              unsigned char zheng_len = 0, xiao_len = 0, polarity_flag;
 373   1              int zheng = 0, xiao = 0;
 374   1              if (num > 0)
 375   1                      polarity_flag = 1;
 376   1              else
 377   1              {
 378   2                      polarity_flag = 0;
 379   2                      num = -num;
 380   2              }
 381   1              zheng = (int) num;
 382   1              xiao = ((num - zheng) * 100) / 1;   //显示小数点后两位
 383   1              while (zheng)    //计算整数部分位数
 384   1              {
 385   2                      zheng_len++;
 386   2                      zheng /= 10;
 387   2              }
 388   1              xiao_len = 2;
 389   1              zheng = (int) num; //在计算整数部分数值时，原赋值被篡改，这里重新赋值
 390   1              if (polarity_flag)
 391   1              {
 392   2                      if (TextSize == 16)
 393   2                      {
 394   3                              OLED_ShowNum(x, y, zheng, zheng_len, TextSize);
 395   3                              OLED_ShowChar(x + zheng_len * 8, y, '.', TextSize);
 396   3                              OLED_ShowNum(x + (zheng_len + 1) * 8, y, xiao, xiao_len, TextSize);
 397   3                      }
 398   2                      else
 399   2                      {
 400   3                              OLED_ShowNum(x, y, zheng, zheng_len,TextSize);
 401   3                              OLED_ShowChar(x + zheng_len * 6, y, '.', TextSize);
 402   3                              OLED_ShowNum(x + (zheng_len + 1) * 6, y, xiao, xiao_len, TextSize);
 403   3                      }
 404   2              }
 405   1              else
 406   1              {
 407   2                      OLED_ShowChar(x, y, '-', TextSize);
 408   2                      if (TextSize == 16)
 409   2                      {
 410   3                              OLED_ShowNum(x + 8, y, zheng, zheng_len, TextSize);
 411   3                              OLED_ShowChar(x + (zheng_len + 1) * 8, y, '.', TextSize);
 412   3                              OLED_ShowNum(x + (zheng_len + 2) * 8, y, xiao, xiao_len, TextSize);
 413   3                      }
 414   2                      else
 415   2                      {
 416   3                              OLED_ShowNum(x + 6, y, zheng, zheng_len, TextSize);
 417   3                              OLED_ShowChar(x + (zheng_len + 1) * 6, y, '.', TextSize);
 418   3                              OLED_ShowNum(x + (zheng_len + 2) * 6, y, xiao, xiao_len, TextSize);
 419   3                      }
 420   2              }
 421   1      }
 422          /***********************************************************************************
C51 COMPILER V9.57.0.0   OLED                                                              03/10/2021 11:41:49 PAGE 8   

 423          函数名：  OLED_ShowCN
 424          功能说明：显示中文
 425          输入参数：x：起始列，一个字占16列 y：起始页，一个字占两页 N：字体的序列号
 426          返回值：  None                                          
 427          ***********************************************************************************/
 428          void OLED_ShowCN(unsigned char x, unsigned char y, unsigned char N)
 429          {
 430   1              unsigned char i ;
 431   1              unsigned int adder = 0;
 432   1              OLED_SetPos(x , y);
 433   1              for(i = 0;i < 16;i++)
 434   1              {
 435   2                      Write_IIC_Data(CH[2*N][i]);
 436   2                      adder += 1;
 437   2              }
 438   1              OLED_SetPos(x,y + 1);
 439   1              for(i = 0;i< 16;i++)
 440   1              {
 441   2                      Write_IIC_Data(CH[2*N+1][i]);
 442   2                      adder += 1;
 443   2              }
 444   1      }
 445          /***********************************************************************************
 446          函数名：  OLED_DrawBMP
 447          功能说明：显示图片
 448          输入参数 : x0：起始列地址（0~127）
 449                                                   y0：起始页地址（0~7）
 450                                                   x1：终止列地址（1~128）
 451                                                   y1：终止页地址（1~8）
 452                                             BMP[]：存放图片代码的数组
 453          返回值：  None                                          
 454          ***********************************************************************************/
 455          void OLED_DrawBMP(unsigned char x0,unsigned char y0,unsigned char x1,unsigned char y1,unsigned char BMP[])
 456          {
 457   1              unsigned int j=0;
 458   1              unsigned char x,y;
 459   1      
 460   1              if(y1%8==0)
 461   1                      y = y1/8;
 462   1              else
 463   1                      y = y1/8 + 1;
 464   1              for(y=y0;y<y1;y++)
 465   1              {
 466   2                      OLED_SetPos(x0,y);
 467   2                  for(x=x0;x<x1;x++)
 468   2                      {
 469   3                              Write_IIC_Data(BMP[j++]);
 470   3                      }
 471   2              }
 472   1      }
 473          /***********************************************************************************
 474          函数名：  OLED_Temp_Humi_Display
 475          功能说明：显示图片
 476          输入参数 : temp：温度系数
 477                             Humi：湿度系数                       
 478          返回值：  None                                          
 479          ***********************************************************************************/
 480          void OLED_Temp_Humi_Display(float temp,float Humi)
 481          {
 482   1              int i = 0;
 483   1      //      OLED_Clear();  //清屏
 484   1          for(i=0;i<7;i++)
C51 COMPILER V9.57.0.0   OLED                                                              03/10/2021 11:41:49 PAGE 9   

 485   1              {
 486   2                      OLED_ShowCN(i*18,0,i);                  
 487   2              }
 488   1              OLED_ShowCN(6,3,7);     
 489   1              OLED_ShowCN(24,3,9);
 490   1          OLED_ShowChar(42,3,':',16);
 491   1              OLED_Show_Float_Number(52,3,temp,16);
 492   1              OLED_ShowStr(100,3,"'C",16);
 493   1      
 494   1              OLED_ShowCN(6,6,8);     
 495   1              OLED_ShowCN(24,6,9);
 496   1          OLED_ShowChar(42,6,':',16);
 497   1              OLED_Show_Float_Number(52,6,Humi,16);
 498   1              OLED_ShowStr(100,6,"%RH",16);   
 499   1      }
 500          #endif 


MODULE INFORMATION:   STATIC OVERLAYABLE
   CODE SIZE        =   2454    ----
   CONSTANT SIZE    =   2719    ----
   XDATA SIZE       =   ----      80
   PDATA SIZE       =   ----    ----
   DATA SIZE        =   ----    ----
   IDATA SIZE       =   ----    ----
   BIT SIZE         =   ----    ----
   EDATA SIZE       =   ----    ----
   HDATA SIZE       =   ----    ----
   XDATA CONST SIZE =   ----    ----
   FAR CONST SIZE   =   ----    ----
END OF MODULE INFORMATION.


C51 COMPILATION COMPLETE.  0 WARNING(S),  0 ERROR(S)
