C51 COMPILER V9.57.0.0   SYSTEM_CLOCK                                                      03/10/2021 11:41:47 PAGE 1   


C51 COMPILER V9.57.0.0, COMPILATION OF MODULE SYSTEM_CLOCK
OBJECT MODULE PLACED IN .\output\system_clock.obj
COMPILER INVOKED BY: E:\Keil5 MDK1\C51\BIN\C51.EXE source\system_clock.c LARGE OMF2 OPTIMIZE(8,SPEED) BROWSE INCDIR(.\mc
                    -u_sdk) DEBUG PRINT(.\lst\system_clock.lst) OBJECT(.\output\system_clock.obj)

line level    source

   1          #ifndef _SYSTEM_CLOCK_C_
   2          #define _SYSTEM_CLOCK_C_
   3          /*********************************************************************************************************
             -************/
   4          #include "include/ca51f003_config.h"            
   5          #include "include/ca51f003sfr.h"
   6          #include "include/ca51f003xsfr.h"
   7          #include "include/gpiodef_f003.h"
   8          #include "include/system_clock.h"
   9          
  10          #include <intrins.h>
  11          /*********************************************************************************************************
             -************/
  12          
  13          
  14          /***********************************************************************************
  15          函数名  ：              Sys_Clk_Set_IRCH                                                                                        
  16          功能描述：              设置系统时钟为IRCH
  17          输入参数：              无
  18          返回值  ：              无
  19          ***********************************************************************************/
  20          void Sys_Clk_Set_IRCH(void)
  21          {
  22   1              CKCON |= IHCKE;                                                                                 //IRCH时钟使能
  23   1              CKSEL = (CKSEL&0xF8) | CKSEL_IRCH;      //系统时钟切换到IRCH
  24   1      }
  25          /***********************************************************************************/
  26          
  27          
  28          
  29          /***********************************************************************************
  30          函数名  ：              Sys_Clk_Set_IRCL                                                                                        
  31          功能描述：              设置系统时钟为IRCL
  32          输入参数：              无
  33          返回值  ：              无
  34          ***********************************************************************************/
  35          void Sys_Clk_Set_IRCL(void)
  36          {
  37   1              CKCON |= ILCKE;                                                                                 //IRCL时钟使能
  38   1              CKSEL = (CKSEL&0xF8) | CKSEL_IRCL;      //系统时钟切换到IRCL    
  39   1      }
  40          /***********************************************************************************/
  41          
  42          
  43          
  44          /***********************************************************************************
  45          函数名  ：              Sys_Clk_Set_XOSCH                                                                                       
  46          功能描述：              设置系统时钟为XOSCH     
  47          输入参数：              无
  48          返回值  ：              无
  49          ***********************************************************************************/
  50          void Sys_Clk_Set_XOSCH(void)
  51          {
  52   1              GPIO_Init(P17F,P17_XOSCH_OUT_SETTING);
C51 COMPILER V9.57.0.0   SYSTEM_CLOCK                                                      03/10/2021 11:41:47 PAGE 2   

  53   1              GPIO_Init(P30F,P30_XOSCH_IN_SETTING);
  54   1              CKCON &= ~XHCS;
  55   1              CKCON |= XHCKE; 
  56   1              while(!(CKCON & XHSTA));
  57   1              CKSEL = (CKSEL&0xF8) | CKSEL_XOSCH;             
  58   1      }
  59          
  60          
  61          /***********************************************************************************
  62          函数名  ：              Sys_Clk_Set_XCLK_IN                                                                                     
  63          功能描述：              设置系统时钟为XCLK      
  64          输入参数：              无
  65          返回值  ：              无
  66          ***********************************************************************************/
  67          void Sys_Clk_Set_XCLK_IN(void)
  68          {
  69   1              GPIO_Init(P30F,P30_CLKI_SETTING);
  70   1              CKCON |= XHCS;
  71   1              CKSEL = (CKSEL&0xF8) | CKSEL_XOSCH;             
  72   1      }
  73          
  74          /*********************************************************************************************************
             -************/
  75          #endif


MODULE INFORMATION:   STATIC OVERLAYABLE
   CODE SIZE        =     93    ----
   CONSTANT SIZE    =   ----    ----
   XDATA SIZE       =   ----    ----
   PDATA SIZE       =   ----    ----
   DATA SIZE        =   ----    ----
   IDATA SIZE       =   ----    ----
   BIT SIZE         =   ----    ----
   EDATA SIZE       =   ----    ----
   HDATA SIZE       =   ----    ----
   XDATA CONST SIZE =   ----    ----
   FAR CONST SIZE   =   ----    ----
END OF MODULE INFORMATION.


C51 COMPILATION COMPLETE.  0 WARNING(S),  0 ERROR(S)
